  bookDB.c
C:\Users\권은아\source\repos\도서대출프로그램\도서대출프로그램\bookDB.h(13,1): error C2040: 'booklist': 'int'의 간접 참조 수준이 'BOOK *'과(와) 다릅니다.
C:\Users\권은아\source\repos\도서대출프로그램\도서대출프로그램\bookDB.h(13,24): warning C4013: 'mallc'이(가) 정의되지 않았습니다. extern은 int형을 반환하는 것으로 간주합니다.
C:\Users\권은아\source\repos\도서대출프로그램\도서대출프로그램\bookDB.h(13,46): error C2099: 이니셜라이저가 상수가 아닙니다.
C:\Users\권은아\source\repos\도서대출프로그램\도서대출프로그램\bookDB.c(12,11): warning C4477: 'scanf_s' : 서식 문자열 '%d'에 'int *' 형식의 인수가 필요하지만 variadic 인수 1의 형식이 'int'입니다.
C:\Users\권은아\source\repos\도서대출프로그램\도서대출프로그램\bookDB.c(12,43): warning C4474: 'scanf_s' : 서식 문자열에 전달된 인수가 너무 많습니다.
C:\Users\권은아\source\repos\도서대출프로그램\도서대출프로그램\bookDB.c(12,43): message : 자리 표시자 및 해당 매개 변수에는 variadic 인수가 1개 필요하지만 2개가 제공되었습니다.
C:\Users\권은아\source\repos\도서대출프로그램\도서대출프로그램\bookDB.c(16,11): warning C4477: 'scanf_s' : 서식 문자열 '%d'에 'int *' 형식의 인수가 필요하지만 variadic 인수 1의 형식이 'int'입니다.
C:\Users\권은아\source\repos\도서대출프로그램\도서대출프로그램\bookDB.c(16,11): warning C4477: 'scanf_s' : 서식 문자열 '%d'에 'int *' 형식의 인수가 필요하지만 variadic 인수 2의 형식이 'int'입니다.
C:\Users\권은아\source\repos\도서대출프로그램\도서대출프로그램\bookDB.c(16,11): warning C4477: 'scanf_s' : 서식 문자열 '%d'에 'int *' 형식의 인수가 필요하지만 variadic 인수 3의 형식이 'int'입니다.
C:\Users\권은아\source\repos\도서대출프로그램\도서대출프로그램\bookDB.c(20,11): warning C4477: 'scanf_s' : 서식 문자열 '%d'에 'int *' 형식의 인수가 필요하지만 variadic 인수 1의 형식이 'char *'입니다.
C:\Users\권은아\source\repos\도서대출프로그램\도서대출프로그램\bookDB.c(20,11): message : 서식 문자열에서 '%hhd'을(를) 사용하는 것이 좋습니다.
C:\Users\권은아\source\repos\도서대출프로그램\도서대출프로그램\bookDB.c(20,57): warning C4474: 'scanf_s' : 서식 문자열에 전달된 인수가 너무 많습니다.
C:\Users\권은아\source\repos\도서대출프로그램\도서대출프로그램\bookDB.c(20,57): message : 자리 표시자 및 해당 매개 변수에는 variadic 인수가 1개 필요하지만 2개가 제공되었습니다.
C:\Users\권은아\source\repos\도서대출프로그램\도서대출프로그램\bookDB.c(36,10): error C2082: 'num' 정식 매개 변수 재정의
C:\Users\권은아\source\repos\도서대출프로그램\도서대출프로그램\bookDB.c(39,10): warning C4477: 'scanf_s' : 서식 문자열 '%d'에 'int *' 형식의 인수가 필요하지만 variadic 인수 1의 형식이 'int'입니다.
C:\Users\권은아\source\repos\도서대출프로그램\도서대출프로그램\bookDB.c(42,32): warning C4047: '함수': 'const char *'의 간접 참조 수준이 'int'과(와) 다릅니다.
C:\Users\권은아\source\repos\도서대출프로그램\도서대출프로그램\bookDB.c(42,32): warning C4024: 'strcmp': 형식 및 실제 매개 변수 1의 형식이 서로 다릅니다.
C:\Users\권은아\source\repos\도서대출프로그램\도서대출프로그램\bookDB.c(42,44): warning C4047: '함수': 'const char *'의 간접 참조 수준이 'int'과(와) 다릅니다.
C:\Users\권은아\source\repos\도서대출프로그램\도서대출프로그램\bookDB.c(42,44): warning C4024: 'strcmp': 형식 및 실제 매개 변수 2의 형식이 서로 다릅니다.
C:\Users\권은아\source\repos\도서대출프로그램\도서대출프로그램\bookDB.c(46,11): warning C4477: 'printf' : 서식 문자열 '%c'에 'int' 형식의 인수가 필요하지만 variadic 인수 1의 형식이 'char *'입니다.
C:\Users\권은아\source\repos\도서대출프로그램\도서대출프로그램\bookDB.c(48,11): warning C4477: 'printf' : 서식 문자열 '%c'에 'int' 형식의 인수가 필요하지만 variadic 인수 1의 형식이 'char *'입니다.
C:\Users\권은아\source\repos\도서대출프로그램\도서대출프로그램\bookDB.c(49,11): warning C4477: 'printf' : 서식 문자열 '%d'에 'int' 형식의 인수가 필요하지만 variadic 인수 1의 형식이 'char *'입니다.
C:\Users\권은아\source\repos\도서대출프로그램\도서대출프로그램\bookDB.c(50,11): warning C4477: 'printf' : 서식 문자열 '%c'에 'int' 형식의 인수가 필요하지만 variadic 인수 1의 형식이 'char *'입니다.
C:\Users\권은아\source\repos\도서대출프로그램\도서대출프로그램\bookDB.c(51,11): warning C4477: 'printf' : 서식 문자열 '%c'에 'int' 형식의 인수가 필요하지만 variadic 인수 1의 형식이 'char *'입니다.
C:\Users\권은아\source\repos\도서대출프로그램\도서대출프로그램\bookDB.c(71,15): warning C4477: 'fprintf' : 서식 문자열 '%s'에 'char *' 형식의 인수가 필요하지만 variadic 인수 1의 형식이 'int'입니다.
C:\Users\권은아\source\repos\도서대출프로그램\도서대출프로그램\bookDB.c(93,16): warning C4477: 'fscanf_s' : 서식 문자열 '%s'에 'char *' 형식의 인수가 필요하지만 variadic 인수 1의 형식이 'int'입니다.
C:\Users\권은아\source\repos\도서대출프로그램\도서대출프로그램\bookDB.c(93,16): message : 이 인수는 변환 지정자에서 사용됩니다.
C:\Users\권은아\source\repos\도서대출프로그램\도서대출프로그램\bookDB.c(95,16): warning C4477: 'fscanf_s' : 서식 문자열 '%d'에 'int *' 형식의 인수가 필요하지만 variadic 인수 1의 형식이 'int'입니다.
C:\Users\권은아\source\repos\도서대출프로그램\도서대출프로그램\bookDB.c(95,16): warning C4477: 'fscanf_s' : 서식 문자열 '%d'에 'int *' 형식의 인수가 필요하지만 variadic 인수 2의 형식이 'int'입니다.
C:\Users\권은아\source\repos\도서대출프로그램\도서대출프로그램\bookDB.c(95,16): warning C4477: 'fscanf_s' : 서식 문자열 '%d'에 'int *' 형식의 인수가 필요하지만 variadic 인수 3의 형식이 'int'입니다.
C:\Users\권은아\source\repos\도서대출프로그램\도서대출프로그램\bookDB.c(104,74): warning C4028: 정식 매개 변수 6이(가) 선언과 다릅니다.
C:\Users\권은아\source\repos\도서대출프로그램\도서대출프로그램\bookDB.c(114,32): warning C4047: '함수': 'const char *'의 간접 참조 수준이 'int'과(와) 다릅니다.
C:\Users\권은아\source\repos\도서대출프로그램\도서대출프로그램\bookDB.c(114,32): warning C4024: 'strcmp': 형식 및 실제 매개 변수 1의 형식이 서로 다릅니다.
C:\Users\권은아\source\repos\도서대출프로그램\도서대출프로그램\bookDB.c(114,46): warning C4047: '함수': 'const char *'의 간접 참조 수준이 'int'과(와) 다릅니다.
C:\Users\권은아\source\repos\도서대출프로그램\도서대출프로그램\bookDB.c(114,46): warning C4024: 'strcmp': 형식 및 실제 매개 변수 2의 형식이 서로 다릅니다.
C:\Users\권은아\source\repos\도서대출프로그램\도서대출프로그램\bookDB.c(114,51): error C2106: '=': 왼쪽 피연산자는 l-value이어야 합니다.
C:\Users\권은아\source\repos\도서대출프로그램\도서대출프로그램\bookDB.c(135,14): warning C4477: 'scanf_s' : 서식 문자열 '%s'에 'char *' 형식의 인수가 필요하지만 variadic 인수 1의 형식이 'int'입니다.
C:\Users\권은아\source\repos\도서대출프로그램\도서대출프로그램\bookDB.c(135,14): message : 이 인수는 변환 지정자에서 사용됩니다.
C:\Users\권은아\source\repos\도서대출프로그램\도서대출프로그램\bookDB.c(135,14): warning C4473: 'scanf_s': 서식 문자열에 대한 인수가 충분하게 전달되지 않았습니다.
C:\Users\권은아\source\repos\도서대출프로그램\도서대출프로그램\bookDB.c(135,14): message : 자리 표시자 및 해당 매개 변수에는 variadic 인수가 2개 필요하지만 1개가 제공되었습니다.
C:\Users\권은아\source\repos\도서대출프로그램\도서대출프로그램\bookDB.c(135,14): message : 누락된 variadic 인수 2이(가) 서식 문자열 '%s'에 필요합니다.
C:\Users\권은아\source\repos\도서대출프로그램\도서대출프로그램\bookDB.c(135,14): message : 이 인수는 버퍼 크기로 사용됩니다.
C:\Users\권은아\source\repos\도서대출프로그램\도서대출프로그램\bookDB.c(139,14): warning C4473: 'scanf_s': 서식 문자열에 대한 인수가 충분하게 전달되지 않았습니다.
C:\Users\권은아\source\repos\도서대출프로그램\도서대출프로그램\bookDB.c(139,14): message : 자리 표시자 및 해당 매개 변수에는 variadic 인수가 2개 필요하지만 1개가 제공되었습니다.
C:\Users\권은아\source\repos\도서대출프로그램\도서대출프로그램\bookDB.c(139,14): message : 누락된 variadic 인수 2이(가) 서식 문자열 '%s'에 필요합니다.
C:\Users\권은아\source\repos\도서대출프로그램\도서대출프로그램\bookDB.c(139,14): message : 이 인수는 버퍼 크기로 사용됩니다.
C:\Users\권은아\source\repos\도서대출프로그램\도서대출프로그램\bookDB.c(143,14): warning C4477: 'scanf_s' : 서식 문자열 '%d'에 'int *' 형식의 인수가 필요하지만 variadic 인수 1의 형식이 'int'입니다.
C:\Users\권은아\source\repos\도서대출프로그램\도서대출프로그램\bookDB.c(143,14): warning C4477: 'scanf_s' : 서식 문자열 '%d'에 'int *' 형식의 인수가 필요하지만 variadic 인수 2의 형식이 'int'입니다.
C:\Users\권은아\source\repos\도서대출프로그램\도서대출프로그램\bookDB.c(143,14): warning C4477: 'scanf_s' : 서식 문자열 '%d'에 'int *' 형식의 인수가 필요하지만 variadic 인수 3의 형식이 'int'입니다.
C:\Users\권은아\source\repos\도서대출프로그램\도서대출프로그램\bookDB.c(147,14): warning C4473: 'scanf_s': 서식 문자열에 대한 인수가 충분하게 전달되지 않았습니다.
C:\Users\권은아\source\repos\도서대출프로그램\도서대출프로그램\bookDB.c(147,14): message : 자리 표시자 및 해당 매개 변수에는 variadic 인수가 2개 필요하지만 1개가 제공되었습니다.
C:\Users\권은아\source\repos\도서대출프로그램\도서대출프로그램\bookDB.c(147,14): message : 누락된 variadic 인수 2이(가) 서식 문자열 '%s'에 필요합니다.
C:\Users\권은아\source\repos\도서대출프로그램\도서대출프로그램\bookDB.c(147,14): message : 이 인수는 버퍼 크기로 사용됩니다.
C:\Users\권은아\source\repos\도서대출프로그램\도서대출프로그램\bookDB.c(151,14): warning C4473: 'scanf_s': 서식 문자열에 대한 인수가 충분하게 전달되지 않았습니다.
C:\Users\권은아\source\repos\도서대출프로그램\도서대출프로그램\bookDB.c(151,14): message : 자리 표시자 및 해당 매개 변수에는 variadic 인수가 2개 필요하지만 1개가 제공되었습니다.
C:\Users\권은아\source\repos\도서대출프로그램\도서대출프로그램\bookDB.c(151,14): message : 누락된 variadic 인수 2이(가) 서식 문자열 '%s'에 필요합니다.
C:\Users\권은아\source\repos\도서대출프로그램\도서대출프로그램\bookDB.c(151,14): message : 이 인수는 버퍼 크기로 사용됩니다.
C:\Users\권은아\source\repos\도서대출프로그램\도서대출프로그램\bookDB.c(155,14): warning C4473: 'scanf_s': 서식 문자열에 대한 인수가 충분하게 전달되지 않았습니다.
C:\Users\권은아\source\repos\도서대출프로그램\도서대출프로그램\bookDB.c(155,14): message : 자리 표시자 및 해당 매개 변수에는 variadic 인수가 2개 필요하지만 1개가 제공되었습니다.
C:\Users\권은아\source\repos\도서대출프로그램\도서대출프로그램\bookDB.c(155,14): message : 누락된 variadic 인수 2이(가) 서식 문자열 '%s'에 필요합니다.
C:\Users\권은아\source\repos\도서대출프로그램\도서대출프로그램\bookDB.c(155,14): message : 이 인수는 버퍼 크기로 사용됩니다.
C:\Users\권은아\source\repos\도서대출프로그램\도서대출프로그램\bookDB.c(159,14): warning C4473: 'scanf_s': 서식 문자열에 대한 인수가 충분하게 전달되지 않았습니다.
C:\Users\권은아\source\repos\도서대출프로그램\도서대출프로그램\bookDB.c(159,14): message : 자리 표시자 및 해당 매개 변수에는 variadic 인수가 2개 필요하지만 1개가 제공되었습니다.
C:\Users\권은아\source\repos\도서대출프로그램\도서대출프로그램\bookDB.c(159,14): message : 누락된 variadic 인수 2이(가) 서식 문자열 '%s'에 필요합니다.
C:\Users\권은아\source\repos\도서대출프로그램\도서대출프로그램\bookDB.c(159,14): message : 이 인수는 버퍼 크기로 사용됩니다.
C:\Users\권은아\source\repos\도서대출프로그램\도서대출프로그램\bookDB.c(181,10): warning C4473: 'scanf_s': 서식 문자열에 대한 인수가 충분하게 전달되지 않았습니다.
C:\Users\권은아\source\repos\도서대출프로그램\도서대출프로그램\bookDB.c(181,10): message : 자리 표시자 및 해당 매개 변수에는 variadic 인수가 2개 필요하지만 1개가 제공되었습니다.
C:\Users\권은아\source\repos\도서대출프로그램\도서대출프로그램\bookDB.c(181,10): message : 누락된 variadic 인수 2이(가) 서식 문자열 '%s'에 필요합니다.
C:\Users\권은아\source\repos\도서대출프로그램\도서대출프로그램\bookDB.c(181,10): message : 이 인수는 버퍼 크기로 사용됩니다.
C:\Users\권은아\source\repos\도서대출프로그램\도서대출프로그램\bookDB.c(187,11): warning C4477: 'printf' : 서식 문자열 '%c'에 'int' 형식의 인수가 필요하지만 variadic 인수 1의 형식이 'char *'입니다.
C:\Users\권은아\source\repos\도서대출프로그램\도서대출프로그램\bookDB.c(189,11): warning C4477: 'printf' : 서식 문자열 '%c'에 'int' 형식의 인수가 필요하지만 variadic 인수 1의 형식이 'char *'입니다.
C:\Users\권은아\source\repos\도서대출프로그램\도서대출프로그램\bookDB.c(190,11): warning C4477: 'printf' : 서식 문자열 '%d'에 'int' 형식의 인수가 필요하지만 variadic 인수 1의 형식이 'char *'입니다.
C:\Users\권은아\source\repos\도서대출프로그램\도서대출프로그램\bookDB.c(191,11): warning C4477: 'printf' : 서식 문자열 '%c'에 'int' 형식의 인수가 필요하지만 variadic 인수 1의 형식이 'char *'입니다.
C:\Users\권은아\source\repos\도서대출프로그램\도서대출프로그램\bookDB.c(192,11): warning C4477: 'printf' : 서식 문자열 '%c'에 'int' 형식의 인수가 필요하지만 variadic 인수 1의 형식이 'char *'입니다.
C:\Users\권은아\source\repos\도서대출프로그램\도서대출프로그램\bookDB.c(202,10): warning C4473: 'scanf_s': 서식 문자열에 대한 인수가 충분하게 전달되지 않았습니다.
C:\Users\권은아\source\repos\도서대출프로그램\도서대출프로그램\bookDB.c(202,10): message : 자리 표시자 및 해당 매개 변수에는 variadic 인수가 2개 필요하지만 1개가 제공되었습니다.
C:\Users\권은아\source\repos\도서대출프로그램\도서대출프로그램\bookDB.c(202,10): message : 누락된 variadic 인수 2이(가) 서식 문자열 '%s'에 필요합니다.
C:\Users\권은아\source\repos\도서대출프로그램\도서대출프로그램\bookDB.c(202,10): message : 이 인수는 버퍼 크기로 사용됩니다.
C:\Users\권은아\source\repos\도서대출프로그램\도서대출프로그램\bookDB.c(208,11): warning C4477: 'printf' : 서식 문자열 '%c'에 'int' 형식의 인수가 필요하지만 variadic 인수 1의 형식이 'char *'입니다.
C:\Users\권은아\source\repos\도서대출프로그램\도서대출프로그램\bookDB.c(210,11): warning C4477: 'printf' : 서식 문자열 '%c'에 'int' 형식의 인수가 필요하지만 variadic 인수 1의 형식이 'char *'입니다.
C:\Users\권은아\source\repos\도서대출프로그램\도서대출프로그램\bookDB.c(211,11): warning C4477: 'printf' : 서식 문자열 '%d'에 'int' 형식의 인수가 필요하지만 variadic 인수 1의 형식이 'char *'입니다.
C:\Users\권은아\source\repos\도서대출프로그램\도서대출프로그램\bookDB.c(212,11): warning C4477: 'printf' : 서식 문자열 '%c'에 'int' 형식의 인수가 필요하지만 variadic 인수 1의 형식이 'char *'입니다.
C:\Users\권은아\source\repos\도서대출프로그램\도서대출프로그램\bookDB.c(213,11): warning C4477: 'printf' : 서식 문자열 '%c'에 'int' 형식의 인수가 필요하지만 variadic 인수 1의 형식이 'char *'입니다.
C:\Users\권은아\source\repos\도서대출프로그램\도서대출프로그램\bookDB.c(228,10): warning C4477: 'printf' : 서식 문자열 '%c'에 'int' 형식의 인수가 필요하지만 variadic 인수 1의 형식이 'char *'입니다.
C:\Users\권은아\source\repos\도서대출프로그램\도서대출프로그램\bookDB.c(230,10): warning C4477: 'printf' : 서식 문자열 '%c'에 'int' 형식의 인수가 필요하지만 variadic 인수 1의 형식이 'char *'입니다.
C:\Users\권은아\source\repos\도서대출프로그램\도서대출프로그램\bookDB.c(231,10): warning C4477: 'printf' : 서식 문자열 '%d'에 'int' 형식의 인수가 필요하지만 variadic 인수 1의 형식이 'char *'입니다.
C:\Users\권은아\source\repos\도서대출프로그램\도서대출프로그램\bookDB.c(232,10): warning C4477: 'printf' : 서식 문자열 '%c'에 'int' 형식의 인수가 필요하지만 variadic 인수 1의 형식이 'char *'입니다.
C:\Users\권은아\source\repos\도서대출프로그램\도서대출프로그램\bookDB.c(233,10): warning C4477: 'printf' : 서식 문자열 '%c'에 'int' 형식의 인수가 필요하지만 variadic 인수 1의 형식이 'char *'입니다.
  myUtility.c
D:\과제\2020년 1학기\20200526 컴개론 실습\myUtility.h(7,10): fatal error C1083: 포함 파일을 열 수 없습니다. 'bookDB.h': No such file or directory
  코드를 생성하고 있습니다...
